  Bin.cpp
D:\MixPack\lxRBinPackingProblem\lxRBinPackingProlblem_DLL\Bin.h(25,18): warning C4251: “Bin::binBottomCenterPt”: class“Eigen::Matrix<double,3,1,0,3,1>”需要有 dll 接口由 class“Bin”的客户端使用
D:\dependency\PCL181_vs17x64\3rdParty\Eigen\eigen3\Eigen\src\Core\Matrix.h(451,1): message : 参见“Eigen::Matrix<double,3,1,0,3,1>”的声明
  OnlineSolver.cpp
D:\MixPack\lxRBinPackingProblem\lxRBinPackingProlblem_DLL\include\ISolver.h(51,20): warning C4251: “ISolver::skuList”: class“std::vector<Unit,std::allocator<Unit>>”需要有 dll 接口由 class“ISolver”的客户端使用
D:\MixPack\lxRBinPackingProblem\lxRBinPackingProlblem_DLL\include\ISolver.h(51,7): message : 参见“std::vector<Unit,std::allocator<Unit>>”的声明
D:\MixPack\lxRBinPackingProblem\lxRBinPackingProlblem_DLL\include\ISolver.h(52,24): warning C4251: “ISolver::packedList”: class“std::vector<PackUnit,std::allocator<PackUnit>>”需要有 dll 接口由 class“ISolver”的客户端使用
D:\MixPack\lxRBinPackingProblem\lxRBinPackingProlblem_DLL\include\ISolver.h(38,47): message : 参见“std::vector<PackUnit,std::allocator<PackUnit>>”的声明
  offlineSolver.cpp
D:\MixPack\lxRBinPackingProblem\lxRBinPackingProlblem_DLL\include\ISolver.h(51,20): warning C4251: “ISolver::skuList”: class“std::vector<Unit,std::allocator<Unit>>”需要有 dll 接口由 class“ISolver”的客户端使用
D:\MixPack\lxRBinPackingProblem\lxRBinPackingProlblem_DLL\include\ISolver.h(51,7): message : 参见“std::vector<Unit,std::allocator<Unit>>”的声明
D:\MixPack\lxRBinPackingProblem\lxRBinPackingProlblem_DLL\include\ISolver.h(52,24): warning C4251: “ISolver::packedList”: class“std::vector<PackUnit,std::allocator<PackUnit>>”需要有 dll 接口由 class“ISolver”的客户端使用
D:\MixPack\lxRBinPackingProblem\lxRBinPackingProlblem_DLL\include\ISolver.h(38,47): message : 参见“std::vector<PackUnit,std::allocator<PackUnit>>”的声明
    正在创建库 D:\MixPack\lxRBinPackingProblem\x64\Release\lxRBinPackingProlblem_DLL.lib 和对象 D:\MixPack\lxRBinPackingProblem\x64\Release\lxRBinPackingProlblem_DLL.exp
  正在生成代码
  11 of 474 functions ( 2.3%) were compiled, the rest were copied from previous compilation.
    5 functions were new in current compilation
    0 functions had inline decision re-evaluated but remain unchanged
  已完成代码的生成
  lxRBinPackingProlblem_DLL.vcxproj -> D:\MixPack\lxRBinPackingProblem\x64\Release\lxRBinPackingProlblem_DLL.dll
